\BOOKMARK [0][]{cover.0}{\376\377\000C\000o\000v\000e\000r}{}% 1
\BOOKMARK [0][]{titulo.0}{\376\377\000F\000a\000c\000e\000\040\000P\000a\000g\000e}{}% 2
\BOOKMARK [0][]{cip.0}{\376\377\000C\000a\000t\000a\000l\000o\000g\000i\000n\000g\000-\000i\000n\000-\000P\000u\000b\000l\000i\000c\000a\000t\000i\000o\000n}{}% 3
\BOOKMARK [0][]{cip.0}{\376\377\000C\000a\000t\000a\000l\000o\000g\000i\000n\000g\000-\000i\000n\000-\000P\000u\000b\000l\000i\000c\000a\000t\000i\000o\000n}{}% 4
\BOOKMARK [0][]{aprovacao.0}{\376\377\000T\000h\000e\000s\000i\000s\000\040\000C\000o\000m\000m\000i\000t\000t\000e\000e\000\040\000C\000o\000m\000p\000o\000s\000i\000t\000i\000o\000n\000:}{}% 5
\BOOKMARK [0][]{dedication.0}{\376\377\000D\000e\000d\000i\000c\000a\000t\000i\000o\000n}{}% 6
\BOOKMARK [0][]{acknowledgment.0}{\376\377\000A\000c\000k\000n\000o\000w\000l\000e\000d\000g\000m\000e\000n\000t\000s}{}% 7
\BOOKMARK [0][]{epigrafe.0}{\376\377\000E\000p\000i\000g\000r\000a\000p\000h}{}% 8
\BOOKMARK [0][]{resumo.0}{\376\377\000R\000e\000s\000u\000m\000o}{}% 9
\BOOKMARK [0][]{abstract.0}{\376\377\000A\000b\000s\000t\000r\000a\000c\000t}{}% 10
\BOOKMARK [0][]{listafiguras.0}{\376\377\000L\000i\000s\000t\000\040\000o\000f\000\040\000F\000i\000g\000u\000r\000e\000s}{}% 11
\BOOKMARK [0][]{listaabreviaturas.0}{\376\377\000L\000i\000s\000t\000\040\000o\000f\000\040\000A\000b\000b\000r\000e\000v\000i\000a\000t\000i\000o\000n\000s\000\040\000a\000n\000d\000\040\000A\000c\000r\000o\000n\000y\000m\000s}{}% 12
\BOOKMARK [0][]{contents.0}{\376\377\000C\000o\000n\000t\000e\000n\000t\000s}{}% 13
\BOOKMARK [0][]{chapter.1}{\376\377\0001\000\040\000I\000n\000t\000r\000o\000d\000u\000c\000t\000i\000o\000n}{}% 14
\BOOKMARK [1][]{section.1.1}{\376\377\0001\000.\0001\000\040\000M\000o\000t\000i\000v\000a\000t\000i\000o\000n}{chapter.1}% 15
\BOOKMARK [1][]{section.1.2}{\376\377\0001\000.\0002\000\040\000O\000b\000j\000e\000c\000t\000i\000v\000e}{chapter.1}% 16
\BOOKMARK [1][]{section.1.3}{\376\377\0001\000.\0003\000\040\000R\000e\000l\000a\000t\000e\000d\000\040\000w\000o\000r\000k\000s}{chapter.1}% 17
\BOOKMARK [1][]{section.1.4}{\376\377\0001\000.\0004\000\040\000D\000e\000f\000i\000n\000i\000t\000i\000o\000n\000s}{chapter.1}% 18
\BOOKMARK [0][]{chapter.2}{\376\377\0002\000\040\000M\000o\000d\000e\000l\000s}{}% 19
\BOOKMARK [0][]{chapter.3}{\376\377\0003\000\040\000R\000e\000s\000u\000l\000t\000s\000\040\000a\000n\000d\000\040\000D\000i\000s\000c\000u\000s\000s\000i\000o\000n}{}% 20
\BOOKMARK [1][]{section.3.1}{\376\377\0003\000.\0001\000\040\000P\000e\000r\000f\000o\000r\000m\000a\000n\000c\000e\000\040\000E\000v\000a\000l\000u\000a\000t\000i\000o\000n\000\040\000M\000e\000t\000h\000o\000d\000o\000l\000o\000g\000y}{chapter.3}% 21
\BOOKMARK [1][]{section.3.2}{\376\377\0003\000.\0002\000\040\000B\000a\000s\000e\000l\000i\000n\000e\000\040\000A\000l\000g\000o\000r\000i\000t\000h\000m\000\040\000P\000e\000r\000f\000o\000r\000m\000a\000n\000c\000e}{chapter.3}% 22
\BOOKMARK [1][]{section.3.3}{\376\377\0003\000.\0003\000\040\000I\000n\000c\000r\000e\000m\000e\000n\000t\000a\000l\000\040\000A\000l\000g\000o\000r\000i\000t\000h\000m\000\040\000P\000e\000r\000f\000o\000r\000m\000a\000n\000c\000e}{chapter.3}% 23
\BOOKMARK [1][]{section.3.4}{\376\377\0003\000.\0004\000\040\000C\000o\000m\000p\000a\000r\000i\000s\000o\000n\000\040\000w\000i\000t\000h\000\040\000T\000a\000r\000r\000y\000'\000s\000\040\000A\000l\000g\000o\000r\000i\000t\000h\000m}{chapter.3}% 24
\BOOKMARK [0][]{chapter.4}{\376\377\0004\000\040\000C\000o\000n\000c\000l\000u\000s\000i\000o\000n\000s\000\040\000a\000n\000d\000\040\000F\000u\000t\000u\000r\000e\000\040\000W\000o\000r\000k\000s}{}% 25
\BOOKMARK [0][]{chapter.5}{\376\377\000B\000i\000b\000l\000i\000o\000g\000r\000a\000p\000h\000y}{}% 26
\BOOKMARK [0][]{bla.0}{\376\377\000F\000o\000l\000h\000a\000\040\000d\000e\000\040\000R\000e\000g\000i\000s\000t\000r\000o\000\040\000d\000o\000\040\000D\000o\000c\000u\000m\000e\000n\000t\000o}{}% 27
